# JRE version: Java(TM) SE Runtime Environment (11.0.6+8) (build 11.0.6+8-LTS)
# Java VM: Java HotSpot(TM) 64-Bit Server VM (11.0.6+8-LTS, mixed mode, tiered, compressed oops, g1 gc, windows-amd64)
Heap:
 garbage-first heap   total 131072K, used 75580K [0x0000000081c00000, 0x0000000100000000)
  region size 1024K, 8 young (8192K), 2 survivors (2048K)
 Metaspace       used 38722K, capacity 40341K, committed 40572K, reserved 1083392K
  class space    used 4947K, capacity 5637K, committed 5760K, reserved 1048576K
GC Heap History (10 events):
Event: 14.279 GC heap before
{Heap before GC invocations=12 (full 0):
 garbage-first heap   total 131072K, used 72182K [0x0000000081c00000, 0x0000000100000000)
  region size 1024K, 5 young (5120K), 3 survivors (3072K)
 Metaspace       used 38599K, capacity 40131K, committed 40188K, reserved 1083392K
  class space    used 4929K, capacity 5610K, committed 5632K, reserved 1048576K
}
Event: 14.281 GC heap after
{Heap after GC invocations=13 (full 0):
 garbage-first heap   total 131072K, used 68916K [0x0000000081c00000, 0x0000000100000000)
  region size 1024K, 3 young (3072K), 3 survivors (3072K)
 Metaspace       used 38599K, capacity 40131K, committed 40188K, reserved 1083392K
  class space    used 4929K, capacity 5610K, committed 5632K, reserved 1048576K
}
Event: 14.327 GC heap before
{Heap before GC invocations=14 (full 0):
 garbage-first heap   total 131072K, used 70964K [0x0000000081c00000, 0x0000000100000000)
  region size 1024K, 4 young (4096K), 3 survivors (3072K)
 Metaspace       used 38601K, capacity 40131K, committed 40188K, reserved 1083392K
  class space    used 4929K, capacity 5610K, committed 5632K, reserved 1048576K
}
Event: 14.329 GC heap after
{Heap after GC invocations=15 (full 0):
 garbage-first heap   total 131072K, used 68569K [0x0000000081c00000, 0x0000000100000000)
  region size 1024K, 2 young (2048K), 2 survivors (2048K)
 Metaspace       used 38601K, capacity 40131K, committed 40188K, reserved 1083392K
  class space    used 4929K, capacity 5610K, committed 5632K, reserved 1048576K
}
Event: 14.393 GC heap before
{Heap before GC invocations=16 (full 0):
 garbage-first heap   total 131072K, used 70617K [0x0000000081c00000, 0x0000000100000000)
  region size 1024K, 3 young (3072K), 2 survivors (2048K)
 Metaspace       used 38602K, capacity 40131K, committed 40188K, reserved 1083392K
  class space    used 4929K, capacity 5610K, committed 5632K, reserved 1048576K
}
Event: 14.395 GC heap after
{Heap after GC invocations=17 (full 0):
 garbage-first heap   total 131072K, used 68470K [0x0000000081c00000, 0x0000000100000000)
  region size 1024K, 2 young (2048K), 2 survivors (2048K)
 Metaspace       used 38602K, capacity 40131K, committed 40188K, reserved 1083392K
  class space    used 4929K, capacity 5610K, committed 5632K, reserved 1048576K
}
Event: 14.455 GC heap before
{Heap before GC invocations=18 (full 0):
 garbage-first heap   total 131072K, used 70518K [0x0000000081c00000, 0x0000000100000000)
  region size 1024K, 3 young (3072K), 2 survivors (2048K)
 Metaspace       used 38602K, capacity 40131K, committed 40188K, reserved 1083392K
  class space    used 4929K, capacity 5610K, committed 5632K, reserved 1048576K
}
Event: 14.457 GC heap after
{Heap after GC invocations=19 (full 0):
 garbage-first heap   total 131072K, used 68399K [0x0000000081c00000, 0x0000000100000000)
  region size 1024K, 2 young (2048K), 2 survivors (2048K)
 Metaspace       used 38602K, capacity 40131K, committed 40188K, reserved 1083392K
  class space    used 4929K, capacity 5610K, committed 5632K, reserved 1048576K
}
Event: 14.519 GC heap before
{Heap before GC invocations=20 (full 0):
 garbage-first heap   total 131072K, used 70447K [0x0000000081c00000, 0x0000000100000000)
  region size 1024K, 3 young (3072K), 2 survivors (2048K)
 Metaspace       used 38606K, capacity 40131K, committed 40188K, reserved 1083392K
  class space    used 4929K, capacity 5610K, committed 5632K, reserved 1048576K
}
Event: 14.521 GC heap after
{Heap after GC invocations=21 (full 0):
 garbage-first heap   total 131072K, used 68412K [0x0000000081c00000, 0x0000000100000000)
  region size 1024K, 2 young (2048K), 2 survivors (2048K)
 Metaspace       used 38606K, capacity 40131K, committed 40188K, reserved 1083392K
  class space    used 4929K, capacity 5610K, committed 5632K, reserved 1048576K
}

