# JRE version: Java(TM) SE Runtime Environment (13.0.2+8) (build 13.0.2+8)
# Java VM: Java HotSpot(TM) 64-Bit Server VM (13.0.2+8, mixed mode, sharing, tiered, compressed oops, g1 gc, windows-amd64)
Heap:
 garbage-first heap   total 126976K, used 80704K [0x0000000081c00000, 0x0000000100000000)
  region size 1024K, 16 young (16384K), 1 survivors (1024K)
 Metaspace       used 28879K, capacity 30036K, committed 30204K, reserved 1075200K
  class space    used 3846K, capacity 4320K, committed 4352K, reserved 1048576K
GC Heap History (20 events):
Event: 1.898 GC heap before
{Heap before GC invocations=0 (full 0):
 garbage-first heap   total 131072K, used 13312K [0x0000000081c00000, 0x0000000100000000)
  region size 1024K, 14 young (14336K), 0 survivors (0K)
 Metaspace       used 2119K, capacity 5301K, committed 5504K, reserved 1056768K
  class space    used 244K, capacity 559K, committed 640K, reserved 1048576K
}
Event: 1.900 GC heap after
{Heap after GC invocations=1 (full 0):
 garbage-first heap   total 131072K, used 1723K [0x0000000081c00000, 0x0000000100000000)
  region size 1024K, 2 young (2048K), 2 survivors (2048K)
 Metaspace       used 2119K, capacity 5301K, committed 5504K, reserved 1056768K
  class space    used 244K, capacity 559K, committed 640K, reserved 1048576K
}
Event: 6.107 GC heap before
{Heap before GC invocations=1 (full 0):
 garbage-first heap   total 131072K, used 83643K [0x0000000081c00000, 0x0000000100000000)
  region size 1024K, 76 young (77824K), 2 survivors (2048K)
 Metaspace       used 19547K, capacity 20377K, committed 20736K, reserved 1067008K
  class space    used 2867K, capacity 3204K, committed 3328K, reserved 1048576K
}
Event: 6.134 GC heap after
{Heap after GC invocations=2 (full 0):
 garbage-first heap   total 131072K, used 16809K [0x0000000081c00000, 0x0000000100000000)
  region size 1024K, 10 young (10240K), 10 survivors (10240K)
 Metaspace       used 19547K, capacity 20377K, committed 20736K, reserved 1067008K
  class space    used 2867K, capacity 3204K, committed 3328K, reserved 1048576K
}
Event: 6.201 GC heap before
{Heap before GC invocations=2 (full 0):
 garbage-first heap   total 131072K, used 19881K [0x0000000081c00000, 0x0000000100000000)
  region size 1024K, 14 young (14336K), 10 survivors (10240K)
 Metaspace       used 20377K, capacity 21202K, committed 21248K, reserved 1067008K
  class space    used 2969K, capacity 3308K, committed 3328K, reserved 1048576K
}
Event: 6.212 GC heap after
{Heap after GC invocations=3 (full 0):
 garbage-first heap   total 131072K, used 17104K [0x0000000081c00000, 0x0000000100000000)
  region size 1024K, 1 young (1024K), 1 survivors (1024K)
 Metaspace       used 20377K, capacity 21202K, committed 21248K, reserved 1067008K
  class space    used 2969K, capacity 3308K, committed 3328K, reserved 1048576K
}
Event: 7.167 GC heap before
{Heap before GC invocations=4 (full 0):
 garbage-first heap   total 61440K, used 49872K [0x0000000081c00000, 0x0000000100000000)
  region size 1024K, 34 young (34816K), 1 survivors (1024K)
 Metaspace       used 26974K, capacity 28059K, committed 28284K, reserved 1073152K
  class space    used 3749K, capacity 4177K, committed 4224K, reserved 1048576K
}
Event: 7.172 GC heap after
{Heap after GC invocations=5 (full 0):
 garbage-first heap   total 61440K, used 20258K [0x0000000081c00000, 0x0000000100000000)
  region size 1024K, 5 young (5120K), 5 survivors (5120K)
 Metaspace       used 26974K, capacity 28059K, committed 28284K, reserved 1073152K
  class space    used 3749K, capacity 4177K, committed 4224K, reserved 1048576K
}
Event: 7.789 GC heap before
{Heap before GC invocations=5 (full 0):
 garbage-first heap   total 61440K, used 40738K [0x0000000081c00000, 0x0000000100000000)
  region size 1024K, 22 young (22528K), 5 survivors (5120K)
 Metaspace       used 27751K, capacity 28886K, committed 29180K, reserved 1075200K
  class space    used 3801K, capacity 4259K, committed 4352K, reserved 1048576K
}
Event: 7.795 GC heap after
{Heap after GC invocations=6 (full 0):
 garbage-first heap   total 61440K, used 25468K [0x0000000081c00000, 0x0000000100000000)
  region size 1024K, 3 young (3072K), 3 survivors (3072K)
 Metaspace       used 27751K, capacity 28886K, committed 29180K, reserved 1075200K
  class space    used 3801K, capacity 4259K, committed 4352K, reserved 1048576K
}
Event: 7.887 GC heap before
{Heap before GC invocations=6 (full 0):
 garbage-first heap   total 61440K, used 30588K [0x0000000081c00000, 0x0000000100000000)
  region size 1024K, 5 young (5120K), 3 survivors (3072K)
 Metaspace       used 27887K, capacity 29042K, committed 29180K, reserved 1075200K
  class space    used 3820K, capacity 4269K, committed 4352K, reserved 1048576K
}
Event: 7.889 GC heap after
{Heap after GC invocations=7 (full 0):
 garbage-first heap   total 61440K, used 26767K [0x0000000081c00000, 0x0000000100000000)
  region size 1024K, 1 young (1024K), 1 survivors (1024K)
 Metaspace       used 27887K, capacity 29042K, committed 29180K, reserved 1075200K
  class space    used 3820K, capacity 4269K, committed 4352K, reserved 1048576K
}
Event: 7.934 GC heap before
{Heap before GC invocations=8 (full 0):
 garbage-first heap   total 61440K, used 27791K [0x0000000081c00000, 0x0000000100000000)
  region size 1024K, 2 young (2048K), 1 survivors (1024K)
 Metaspace       used 27917K, capacity 29042K, committed 29180K, reserved 1075200K
  class space    used 3820K, capacity 4269K, committed 4352K, reserved 1048576K
}
Event: 7.935 GC heap after
{Heap after GC invocations=9 (full 0):
 garbage-first heap   total 61440K, used 27367K [0x0000000081c00000, 0x0000000100000000)
  region size 1024K, 1 young (1024K), 1 survivors (1024K)
 Metaspace       used 27917K, capacity 29042K, committed 29180K, reserved 1075200K
  class space    used 3820K, capacity 4269K, committed 4352K, reserved 1048576K
}
Event: 7.975 GC heap before
{Heap before GC invocations=10 (full 0):
 garbage-first heap   total 61440K, used 42727K [0x0000000081c00000, 0x0000000100000000)
  region size 1024K, 2 young (2048K), 1 survivors (1024K)
 Metaspace       used 27917K, capacity 29042K, committed 29180K, reserved 1075200K
  class space    used 3820K, capacity 4269K, committed 4352K, reserved 1048576K
}
Event: 7.977 GC heap after
{Heap after GC invocations=11 (full 0):
 garbage-first heap   total 61440K, used 42688K [0x0000000081c00000, 0x0000000100000000)
  region size 1024K, 1 young (1024K), 1 survivors (1024K)
 Metaspace       used 27917K, capacity 29042K, committed 29180K, reserved 1075200K
  class space    used 3820K, capacity 4269K, committed 4352K, reserved 1048576K
}
Event: 8.000 GC heap before
{Heap before GC invocations=11 (full 0):
 garbage-first heap   total 75776K, used 73408K [0x0000000081c00000, 0x0000000100000000)
  region size 1024K, 3 young (3072K), 1 survivors (1024K)
 Metaspace       used 27922K, capacity 29048K, committed 29180K, reserved 1075200K
  class space    used 3821K, capacity 4271K, committed 4352K, reserved 1048576K
}
Event: 8.001 GC heap after
{Heap after GC invocations=12 (full 0):
 garbage-first heap   total 76800K, used 71421K [0x0000000081c00000, 0x0000000100000000)
  region size 1024K, 1 young (1024K), 1 survivors (1024K)
 Metaspace       used 27922K, capacity 29048K, committed 29180K, reserved 1075200K
  class space    used 3821K, capacity 4271K, committed 4352K, reserved 1048576K
}
Event: 8.110 GC heap before
{Heap before GC invocations=13 (full 0):
 garbage-first heap   total 126976K, used 93949K [0x0000000081c00000, 0x0000000100000000)
  region size 1024K, 3 young (3072K), 1 survivors (1024K)
 Metaspace       used 27956K, capacity 29115K, committed 29436K, reserved 1075200K
  class space    used 3822K, capacity 4272K, committed 4352K, reserved 1048576K
}
Event: 8.111 GC heap after
{Heap after GC invocations=14 (full 0):
 garbage-first heap   total 126976K, used 67392K [0x0000000081c00000, 0x0000000100000000)
  region size 1024K, 1 young (1024K), 1 survivors (1024K)
 Metaspace       used 27956K, capacity 29115K, committed 29436K, reserved 1075200K
  class space    used 3822K, capacity 4272K, committed 4352K, reserved 1048576K
}

